2015.07.28 16:03 B D:\www\img\main\bg_opacity.png <--  /home/ym/public_html/img/main bg_opacity.png
2015.07.28 16:03 B D:\www\img\main\bookbtn.png <--  /home/ym/public_html/img/main bookbtn.png
2015.07.28 16:03 B D:\www\img\main\bookbtn_on.png <--  /home/ym/public_html/img/main bookbtn_on.png
2015.07.28 16:03 B D:\www\img\main\box1_bg.png <--  /home/ym/public_html/img/main box1_bg.png
2015.07.28 16:03 B D:\www\img\main\box4_1_bg.png <--  /home/ym/public_html/img/main box4_1_bg.png
2015.07.28 16:03 B D:\www\img\main\box4_bg.png <--  /home/ym/public_html/img/main box4_bg.png
2015.07.28 16:03 B D:\www\img\main\box6_bg.png <--  /home/ym/public_html/img/main box6_bg.png
2015.07.28 16:03 B D:\www\img\main\box6_bg.png_back <--  /home/ym/public_html/img/main box6_bg.png_back
2015.07.28 16:03 B D:\www\img\main\fulldown_bg.png <--  /home/ym/public_html/img/main fulldown_bg.png
2015.07.28 16:03 B D:\www\img\main\go.png <--  /home/ym/public_html/img/main go.png
2015.07.28 16:03 B D:\www\img\main\logo.jpg <--  /home/ym/public_html/img/main logo.jpg
2015.07.28 16:03 B D:\www\img\main\mainimg_off.png <--  /home/ym/public_html/img/main mainimg_off.png
2015.07.28 16:03 B D:\www\img\main\mainimg_on.png <--  /home/ym/public_html/img/main mainimg_on.png
2015.07.28 16:03 B D:\www\img\main\mobile_btn.png <--  /home/ym/public_html/img/main mobile_btn.png
2015.07.28 16:48 B d:\www\img\main\bg_opacity.png --> ymschool.org /www/img/main bg_opacity.png
2015.07.28 16:48 B d:\www\img\main\bookbtn.png --> ymschool.org /www/img/main bookbtn.png
2015.07.28 16:48 B d:\www\img\main\bookbtn_on.png --> ymschool.org /www/img/main bookbtn_on.png
2015.07.28 16:48 B d:\www\img\main\box1_bg.png --> ymschool.org /www/img/main box1_bg.png
2015.07.28 16:48 B d:\www\img\main\box4_1_bg.png --> ymschool.org /www/img/main box4_1_bg.png
2015.07.28 16:48 B d:\www\img\main\box4_bg.png --> ymschool.org /www/img/main box4_bg.png
2015.07.28 16:48 B d:\www\img\main\box6_bg.png --> ymschool.org /www/img/main box6_bg.png
2015.07.28 16:48 B d:\www\img\main\box6_bg.png_back --> ymschool.org /www/img/main box6_bg.png_back
2015.07.28 16:48 B d:\www\img\main\fulldown_bg.png --> ymschool.org /www/img/main fulldown_bg.png
2015.07.28 16:48 B d:\www\img\main\go.png --> ymschool.org /www/img/main go.png
2015.07.28 16:48 B d:\www\img\main\logo.jpg --> ymschool.org /www/img/main logo.jpg
2015.07.28 16:48 B d:\www\img\main\mainimg_off.png --> ymschool.org /www/img/main mainimg_off.png
2015.07.28 16:48 B d:\www\img\main\mainimg_on.png --> ymschool.org /www/img/main mainimg_on.png
2015.07.28 16:48 B d:\www\img\main\mobile_btn.png --> ymschool.org /www/img/main mobile_btn.png
