2015.07.28 16:05 B D:\www\skin\board\op_calendar\img\admin.gif <--  /home/ym/public_html/skin/board/op_calendar/img admin.gif
2015.07.28 16:05 B D:\www\skin\board\op_calendar\img\btn_copy.gif <--  /home/ym/public_html/skin/board/op_calendar/img btn_copy.gif
2015.07.28 16:05 B D:\www\skin\board\op_calendar\img\btn_delete.gif <--  /home/ym/public_html/skin/board/op_calendar/img btn_delete.gif
2015.07.28 16:05 B D:\www\skin\board\op_calendar\img\btn_list.gif <--  /home/ym/public_html/skin/board/op_calendar/img btn_list.gif
2015.07.28 16:05 B D:\www\skin\board\op_calendar\img\btn_list_search.gif <--  /home/ym/public_html/skin/board/op_calendar/img btn_list_search.gif
2015.07.28 16:05 B D:\www\skin\board\op_calendar\img\btn_modify.gif <--  /home/ym/public_html/skin/board/op_calendar/img btn_modify.gif
2015.07.28 16:05 B D:\www\skin\board\op_calendar\img\btn_move.gif <--  /home/ym/public_html/skin/board/op_calendar/img btn_move.gif
2015.07.28 16:05 B D:\www\skin\board\op_calendar\img\btn_next.gif <--  /home/ym/public_html/skin/board/op_calendar/img btn_next.gif
2015.07.28 16:05 B D:\www\skin\board\op_calendar\img\btn_prev.gif <--  /home/ym/public_html/skin/board/op_calendar/img btn_prev.gif
2015.07.28 16:05 B D:\www\skin\board\op_calendar\img\btn_reply.gif <--  /home/ym/public_html/skin/board/op_calendar/img btn_reply.gif
2015.07.28 16:05 B D:\www\skin\board\op_calendar\img\btn_write.gif <--  /home/ym/public_html/skin/board/op_calendar/img btn_write.gif
2015.07.28 16:05 B D:\www\skin\board\op_calendar\img\btncomment.gif <--  /home/ym/public_html/skin/board/op_calendar/img btncomment.gif
2015.07.28 16:05 B D:\www\skin\board\op_calendar\img\cal.gif <--  /home/ym/public_html/skin/board/op_calendar/img cal.gif
2015.07.28 16:05 B D:\www\skin\board\op_calendar\img\cancel.gif <--  /home/ym/public_html/skin/board/op_calendar/img cancel.gif
2015.07.28 16:05 B D:\www\skin\board\op_calendar\img\copy.gif <--  /home/ym/public_html/skin/board/op_calendar/img copy.gif
2015.07.28 16:05 B D:\www\skin\board\op_calendar\img\delete.gif <--  /home/ym/public_html/skin/board/op_calendar/img delete.gif
2015.07.28 16:05 B D:\www\skin\board\op_calendar\img\edit.gif <--  /home/ym/public_html/skin/board/op_calendar/img edit.gif
2015.07.28 16:05 B D:\www\skin\board\op_calendar\img\good.gif <--  /home/ym/public_html/skin/board/op_calendar/img good.gif
2015.07.28 16:05 B D:\www\skin\board\op_calendar\img\icon.gif <--  /home/ym/public_html/skin/board/op_calendar/img icon.gif
2015.07.28 16:05 B D:\www\skin\board\op_calendar\img\left_arrow.png <--  /home/ym/public_html/skin/board/op_calendar/img left_arrow.png
2015.07.28 16:05 B D:\www\skin\board\op_calendar\img\left_arrow2.png <--  /home/ym/public_html/skin/board/op_calendar/img left_arrow2.png
2015.07.28 16:05 B D:\www\skin\board\op_calendar\img\list.gif <--  /home/ym/public_html/skin/board/op_calendar/img list.gif
2015.07.28 16:05 B D:\www\skin\board\op_calendar\img\m_next.gif <--  /home/ym/public_html/skin/board/op_calendar/img m_next.gif
2015.07.28 16:05 B D:\www\skin\board\op_calendar\img\m_prev.gif <--  /home/ym/public_html/skin/board/op_calendar/img m_prev.gif
2015.07.28 16:05 B D:\www\skin\board\op_calendar\img\move.gif <--  /home/ym/public_html/skin/board/op_calendar/img move.gif
2015.07.28 16:05 B D:\www\skin\board\op_calendar\img\next.gif <--  /home/ym/public_html/skin/board/op_calendar/img next.gif
2015.07.28 16:05 B D:\www\skin\board\op_calendar\img\point.gif <--  /home/ym/public_html/skin/board/op_calendar/img point.gif
2015.07.28 16:05 B D:\www\skin\board\op_calendar\img\prev.gif <--  /home/ym/public_html/skin/board/op_calendar/img prev.gif
2015.07.28 16:05 B D:\www\skin\board\op_calendar\img\reply.gif <--  /home/ym/public_html/skin/board/op_calendar/img reply.gif
2015.07.28 16:05 B D:\www\skin\board\op_calendar\img\right_arrow.png <--  /home/ym/public_html/skin/board/op_calendar/img right_arrow.png
2015.07.28 16:05 B D:\www\skin\board\op_calendar\img\right_arrow2.png <--  /home/ym/public_html/skin/board/op_calendar/img right_arrow2.png
2015.07.28 16:05 B D:\www\skin\board\op_calendar\img\search.gif <--  /home/ym/public_html/skin/board/op_calendar/img search.gif
2015.07.28 16:05 B D:\www\skin\board\op_calendar\img\Thumbs.db <--  /home/ym/public_html/skin/board/op_calendar/img Thumbs.db
2015.07.28 16:05 B D:\www\skin\board\op_calendar\img\write.gif <--  /home/ym/public_html/skin/board/op_calendar/img write.gif
2015.07.28 16:05 B D:\www\skin\board\op_calendar\img\y_next.gif <--  /home/ym/public_html/skin/board/op_calendar/img y_next.gif
2015.07.28 16:05 B D:\www\skin\board\op_calendar\img\y_prev.gif <--  /home/ym/public_html/skin/board/op_calendar/img y_prev.gif
2015.07.28 16:52 B d:\www\skin\board\op_calendar\img\admin.gif --> ymschool.org /www/skin/board/op_calendar/img admin.gif
2015.07.28 16:52 B d:\www\skin\board\op_calendar\img\btn_copy.gif --> ymschool.org /www/skin/board/op_calendar/img btn_copy.gif
2015.07.28 16:52 B d:\www\skin\board\op_calendar\img\btn_delete.gif --> ymschool.org /www/skin/board/op_calendar/img btn_delete.gif
2015.07.28 16:52 B d:\www\skin\board\op_calendar\img\btn_list.gif --> ymschool.org /www/skin/board/op_calendar/img btn_list.gif
2015.07.28 16:52 B d:\www\skin\board\op_calendar\img\btn_list_search.gif --> ymschool.org /www/skin/board/op_calendar/img btn_list_search.gif
2015.07.28 16:52 B d:\www\skin\board\op_calendar\img\btn_modify.gif --> ymschool.org /www/skin/board/op_calendar/img btn_modify.gif
2015.07.28 16:52 B d:\www\skin\board\op_calendar\img\btn_move.gif --> ymschool.org /www/skin/board/op_calendar/img btn_move.gif
2015.07.28 16:52 B d:\www\skin\board\op_calendar\img\btn_next.gif --> ymschool.org /www/skin/board/op_calendar/img btn_next.gif
2015.07.28 16:52 B d:\www\skin\board\op_calendar\img\btn_prev.gif --> ymschool.org /www/skin/board/op_calendar/img btn_prev.gif
2015.07.28 16:52 B d:\www\skin\board\op_calendar\img\btn_reply.gif --> ymschool.org /www/skin/board/op_calendar/img btn_reply.gif
2015.07.28 16:52 B d:\www\skin\board\op_calendar\img\btn_write.gif --> ymschool.org /www/skin/board/op_calendar/img btn_write.gif
2015.07.28 16:52 B d:\www\skin\board\op_calendar\img\btncomment.gif --> ymschool.org /www/skin/board/op_calendar/img btncomment.gif
2015.07.28 16:52 B d:\www\skin\board\op_calendar\img\cal.gif --> ymschool.org /www/skin/board/op_calendar/img cal.gif
2015.07.28 16:52 B d:\www\skin\board\op_calendar\img\cancel.gif --> ymschool.org /www/skin/board/op_calendar/img cancel.gif
2015.07.28 16:52 B d:\www\skin\board\op_calendar\img\copy.gif --> ymschool.org /www/skin/board/op_calendar/img copy.gif
2015.07.28 16:52 B d:\www\skin\board\op_calendar\img\delete.gif --> ymschool.org /www/skin/board/op_calendar/img delete.gif
2015.07.28 16:52 B d:\www\skin\board\op_calendar\img\edit.gif --> ymschool.org /www/skin/board/op_calendar/img edit.gif
2015.07.28 16:52 B d:\www\skin\board\op_calendar\img\good.gif --> ymschool.org /www/skin/board/op_calendar/img good.gif
2015.07.28 16:52 B d:\www\skin\board\op_calendar\img\icon.gif --> ymschool.org /www/skin/board/op_calendar/img icon.gif
2015.07.28 16:52 B d:\www\skin\board\op_calendar\img\left_arrow.png --> ymschool.org /www/skin/board/op_calendar/img left_arrow.png
2015.07.28 16:52 B d:\www\skin\board\op_calendar\img\left_arrow2.png --> ymschool.org /www/skin/board/op_calendar/img left_arrow2.png
2015.07.28 16:52 B d:\www\skin\board\op_calendar\img\list.gif --> ymschool.org /www/skin/board/op_calendar/img list.gif
2015.07.28 16:52 B d:\www\skin\board\op_calendar\img\m_next.gif --> ymschool.org /www/skin/board/op_calendar/img m_next.gif
2015.07.28 16:52 B d:\www\skin\board\op_calendar\img\m_prev.gif --> ymschool.org /www/skin/board/op_calendar/img m_prev.gif
2015.07.28 16:52 B d:\www\skin\board\op_calendar\img\move.gif --> ymschool.org /www/skin/board/op_calendar/img move.gif
2015.07.28 16:52 B d:\www\skin\board\op_calendar\img\next.gif --> ymschool.org /www/skin/board/op_calendar/img next.gif
2015.07.28 16:52 B d:\www\skin\board\op_calendar\img\point.gif --> ymschool.org /www/skin/board/op_calendar/img point.gif
2015.07.28 16:52 B d:\www\skin\board\op_calendar\img\prev.gif --> ymschool.org /www/skin/board/op_calendar/img prev.gif
2015.07.28 16:52 B d:\www\skin\board\op_calendar\img\reply.gif --> ymschool.org /www/skin/board/op_calendar/img reply.gif
2015.07.28 16:52 B d:\www\skin\board\op_calendar\img\right_arrow.png --> ymschool.org /www/skin/board/op_calendar/img right_arrow.png
2015.07.28 16:52 B d:\www\skin\board\op_calendar\img\right_arrow2.png --> ymschool.org /www/skin/board/op_calendar/img right_arrow2.png
2015.07.28 16:52 B d:\www\skin\board\op_calendar\img\search.gif --> ymschool.org /www/skin/board/op_calendar/img search.gif
2015.07.28 16:52 B d:\www\skin\board\op_calendar\img\Thumbs.db --> ymschool.org /www/skin/board/op_calendar/img Thumbs.db
2015.07.28 16:52 B d:\www\skin\board\op_calendar\img\write.gif --> ymschool.org /www/skin/board/op_calendar/img write.gif
