2015.07.28 15:55 B D:\www\data\file\free_board\1002164119_53e552f2_C0CEC5CFBDB1C1F6BFF8BCAD.hwp <-- s /home/ym/public_html/data/file/free_board 1002164119_53e552f2_C0CEC5CFBDB1C1F6BFF8BCAD.hwp
2015.07.28 15:55 B D:\www\data\file\free_board\1025531470_zeVRsAfO_2015seedfund_20150625.pdf <-- s /home/ym/public_html/data/file/free_board 1025531470_zeVRsAfO_2015seedfund_20150625.pdf
2015.07.28 15:55 B D:\www\data\file\free_board\1028174102_2sMu8iPw_ED8FACEC8AA4ED84B028EAB980EC9EACEC9AA929.jpg <-- s /home/ym/public_html/data/file/free_board 1028174102_2sMu8iPw_ED8FACEC8AA4ED84B028EAB980EC9EACEC9AA929.jpg
2015.07.28 15:55 B D:\www\data\file\free_board\1028174102_uk1tf5Qw_EC8898EAB095EC8BA0ECB2ADEC849C_ED959CEAB5ADEC9790EB9380EC84BCED84B0.hwp <-- s /home/ym/public_html/data/file/free_board 1028174102_uk1tf5Qw_EC8898EAB095EC8BA0ECB2ADEC849C_ED959CEAB5ADEC9790EB9380EC84BCED84B0.hwp
2015.07.28 15:55 B D:\www\data\file\free_board\1028559182_204b2f8d_BEEEB8B0C0CCB6C7B7A1C1F6B5B5C0DABEC8B3BBC1F6.JPG <-- s /home/ym/public_html/data/file/free_board 1028559182_204b2f8d_BEEEB8B0C0CCB6C7B7A1C1F6B5B5C0DABEC8B3BBC1F6.JPG
2015.07.28 15:55 B D:\www\data\file\free_board\1028603382_801683de_BFA9B8EDC7D0B1B3+B1B3C0E5.hwp <-- s /home/ym/public_html/data/file/free_board 1028603382_801683de_BFA9B8EDC7D0B1B3+B1B3C0E5.hwp
2015.07.28 15:55 B D:\www\data\file\free_board\1029914678_5ca1e823_C5EBC0CFC7CFB8F0B4CF+C0A5+C6F7BDBAC5CD.jpg <-- s /home/ym/public_html/data/file/free_board 1029914678_5ca1e823_C5EBC0CFC7CFB8F0B4CF+C0A5+C6F7BDBAC5CD.jpg
2015.07.28 15:55 B D:\www\data\file\free_board\1030504995_2cbc6cee_C5E4B7D0C8B8+C6F7BDBAC5CD.JPG <-- s /home/ym/public_html/data/file/free_board 1030504995_2cbc6cee_C5E4B7D0C8B8+C6F7BDBAC5CD.JPG
2015.07.28 15:55 B D:\www\data\file\free_board\1181692647_5a9c76bc_C0CEB9AEBBE7C8B8B0FAC7D0B9E8BFF2C5CD...jpg <-- s /home/ym/public_html/data/file/free_board 1181692647_5a9c76bc_C0CEB9AEBBE7C8B8B0FAC7D0B9E8BFF2C5CD...jpg
2015.07.28 15:55 B D:\www\data\file\free_board\1218107700_Cnv1hOPE_ECA1B8EC9785EC8B9D.jpg <-- s /home/ym/public_html/data/file/free_board 1218107700_Cnv1hOPE_ECA1B8EC9785EC8B9D.jpg
2015.07.28 15:55 B D:\www\data\file\free_board\1226719100_3HL5OBqK_EABF88EB8BA4EB9DBDECA084EB8BA8.hwp <-- s /home/ym/public_html/data/file/free_board 1226719100_3HL5OBqK_EABF88EB8BA4EB9DBDECA084EB8BA8.hwp
2015.07.28 15:55 B D:\www\data\file\free_board\1226719100_syl64po9_EABF88EB8BA4EB9DBDEC8898EC9785EC9588EB82B4ECA780.hwp <-- s /home/ym/public_html/data/file/free_board 1226719100_syl64po9_EABF88EB8BA4EB9DBDEC8898EC9785EC9588EB82B4ECA780.hwp
2015.07.28 15:55 B D:\www\data\file\free_board\1351001080_1yHdcqAG_1428975245350.jpg <-- s /home/ym/public_html/data/file/free_board 1351001080_1yHdcqAG_1428975245350.jpg
2015.07.28 15:55 B D:\www\data\file\free_board\1794406899_U8uGhnxD_EC9588EB82B4ECA780.jpg <-- s /home/ym/public_html/data/file/free_board 1794406899_U8uGhnxD_EC9588EB82B4ECA780.jpg
2015.07.28 15:55 B D:\www\data\file\free_board\1794515123_Z7zaqmoD_EBAAA8EB9190EB8BA4EC94A8EC9597_ED81ACEAB8B0ECA1B0ECA088-246x300.png <-- s /home/ym/public_html/data/file/free_board 1794515123_Z7zaqmoD_EBAAA8EB9190EB8BA4EC94A8EC9597_ED81ACEAB8B0ECA1B0ECA088-246x300.png
2015.07.28 15:55 B D:\www\data\file\free_board\1794515124_3cuOJPfw_01_ED99A9EB8C80EAB68C_EC839DEBAA85EC9DBCEAB8B0.jpg <-- s /home/ym/public_html/data/file/free_board 1794515124_3cuOJPfw_01_ED99A9EB8C80EAB68C_EC839DEBAA85EC9DBCEAB8B0.jpg
2015.07.28 15:55 B D:\www\data\file\free_board\1794651763_cnvItFJ2_2.EC97ACEC9E90ECB2ADEC868CEB8584_EC84B1EAB590EC9CA1_ECBAA0ED9484_EC9588EB82B4ECA780.jpg <-- s /home/ym/public_html/data/file/free_board 1794651763_cnvItFJ2_2.EC97ACEC9E90ECB2ADEC868CEB8584_EC84B1EAB590EC9CA1_ECBAA0ED9484_EC9588EB82B4ECA780.jpg
2015.07.28 15:55 B D:\www\data\file\free_board\1794651763_IECDAhY3_1.EB82A8EC9E90ECB2ADEC868CEB8584_EC84B1EAB590EC9CA1_ECBAA0ED9484_EC9588EB82B4ECA780.jpg <-- s /home/ym/public_html/data/file/free_board 1794651763_IECDAhY3_1.EB82A8EC9E90ECB2ADEC868CEB8584_EC84B1EAB590EC9CA1_ECBAA0ED9484_EC9588EB82B4ECA780.jpg
2015.07.28 15:55 B D:\www\data\file\free_board\1846279025_2acbabd8_BDC5C0D4BBFD+C3DFB0A1B8F0C1FD.jpg <-- s /home/ym/public_html/data/file/free_board 1846279025_2acbabd8_BDC5C0D4BBFD+C3DFB0A1B8F0C1FD.jpg
2015.07.28 15:55 B D:\www\data\file\free_board\1846304608_JOyz8DB5_3rd_KYPI_.jpg <-- s /home/ym/public_html/data/file/free_board 1846304608_JOyz8DB5_3rd_KYPI_.jpg
2015.07.28 15:55 B D:\www\data\file\free_board\1889195953_DwNES0dy_EC97ACED9689ED9599EAB590_EC9E85ED9599ECA780EC9B90EC849C.hwp <-- s /home/ym/public_html/data/file/free_board 1889195953_DwNES0dy_EC97ACED9689ED9599EAB590_EC9E85ED9599ECA780EC9B90EC849C.hwp
2015.07.28 15:55 B D:\www\data\file\free_board\1889195953_g7dxLH62_19EAB8B0_EC9BB9EC9E90EBB3B4.jpg <-- s /home/ym/public_html/data/file/free_board 1889195953_g7dxLH62_19EAB8B0_EC9BB9EC9E90EBB3B4.jpg
2015.07.28 15:55 B D:\www\data\file\free_board\1889418845_943ce152_anando-p2-1.jpg <-- s /home/ym/public_html/data/file/free_board 1889418845_943ce152_anando-p2-1.jpg
2015.07.28 15:55 B D:\www\data\file\free_board\1889509171_b33aec0d_B6DFB6F4BFACB1D8B3EEC0CCB1B3BDC7_BFA9B8A7C6AFB0AD.hwp <-- s /home/ym/public_html/data/file/free_board 1889509171_b33aec0d_B6DFB6F4BFACB1D8B3EEC0CCB1B3BDC7_BFA9B8A7C6AFB0AD.hwp
2015.07.28 15:55 B D:\www\data\file\free_board\1890259514_tryLGbOY_web.jpg <-- s /home/ym/public_html/data/file/free_board 1890259514_tryLGbOY_web.jpg
2015.07.28 15:55 B D:\www\data\file\free_board\1891140817_73001f9d_B0EDC1A4C8F1+C3BBBCD2B3E2+B9AEC7D0BBF3.JPG <-- s /home/ym/public_html/data/file/free_board 1891140817_73001f9d_B0EDC1A4C8F1+C3BBBCD2B3E2+B9AEC7D0BBF3.JPG
2015.07.28 15:55 B D:\www\data\file\free_board\1893204490_253a142a_2012+C3E0C1A6+BFC2B6F3C0CEC3CAB4EBC0E5.jpg <-- s /home/ym/public_html/data/file/free_board 1893204490_253a142a_2012+C3E0C1A6+BFC2B6F3C0CEC3CAB4EBC0E5.jpg
2015.07.28 15:55 B D:\www\data\file\free_board\1893204490_Ij1LR6Kr_2013_EC96B8ECA0A0EAB080ED9599EAB590EC9E85EBACB85EAB8B0_ECA780EC9B90EC849C.hwp <-- s /home/ym/public_html/data/file/free_board 1893204490_Ij1LR6Kr_2013_EC96B8ECA0A0EAB080ED9599EAB590EC9E85EBACB85EAB8B0_ECA780EC9B90EC849C.hwp
2015.07.28 15:55 B D:\www\data\file\free_board\1893204490_XaluwBUK_2013_EAB3B5EAB590EC9CA1ECA781EBACB4EC97B0EC8898_EC8BA0ECB2ADEC849C28EC9691EC8B9D29.hwp <-- s /home/ym/public_html/data/file/free_board 1893204490_XaluwBUK_2013_EAB3B5EAB590EC9CA1ECA781EBACB4EC97B0EC8898_EC8BA0ECB2ADEC849C28EC9691EC8B9D29.hwp
2015.07.28 15:55 B D:\www\data\file\free_board\1893476490_0xJ4KshO_EC9DB8EB8F84.jpg <-- s /home/ym/public_html/data/file/free_board 1893476490_0xJ4KshO_EC9DB8EB8F84.jpg
2015.07.28 16:48 B d:\www\data\file\free_board\1002164119_53e552f2_C0CEC5CFBDB1C1F6BFF8BCAD.hwp --> ymschool.org /www/data/file/free_board 1002164119_53e552f2_C0CEC5CFBDB1C1F6BFF8BCAD.hwp
2015.07.28 16:48 B d:\www\data\file\free_board\1025531470_zeVRsAfO_2015seedfund_20150625.pdf --> ymschool.org /www/data/file/free_board 1025531470_zeVRsAfO_2015seedfund_20150625.pdf
2015.07.28 16:48 B d:\www\data\file\free_board\1028174102_2sMu8iPw_ED8FACEC8AA4ED84B028EAB980EC9EACEC9AA929.jpg --> ymschool.org /www/data/file/free_board 1028174102_2sMu8iPw_ED8FACEC8AA4ED84B028EAB980EC9EACEC9AA929.jpg
2015.07.28 16:48 B d:\www\data\file\free_board\1028174102_uk1tf5Qw_EC8898EAB095EC8BA0ECB2ADEC849C_ED959CEAB5ADEC9790EB9380EC84BCED84B0.hwp --> ymschool.org /www/data/file/free_board 1028174102_uk1tf5Qw_EC8898EAB095EC8BA0ECB2ADEC849C_ED959CEAB5ADEC9790EB9380EC84BCED84B0.hwp
2015.07.28 16:48 B d:\www\data\file\free_board\1028559182_204b2f8d_BEEEB8B0C0CCB6C7B7A1C1F6B5B5C0DABEC8B3BBC1F6.JPG --> ymschool.org /www/data/file/free_board 1028559182_204b2f8d_BEEEB8B0C0CCB6C7B7A1C1F6B5B5C0DABEC8B3BBC1F6.JPG
2015.07.28 16:48 B d:\www\data\file\free_board\1028603382_801683de_BFA9B8EDC7D0B1B3+B1B3C0E5.hwp --> ymschool.org /www/data/file/free_board 1028603382_801683de_BFA9B8EDC7D0B1B3+B1B3C0E5.hwp
2015.07.28 16:48 B d:\www\data\file\free_board\1029914678_5ca1e823_C5EBC0CFC7CFB8F0B4CF+C0A5+C6F7BDBAC5CD.jpg --> ymschool.org /www/data/file/free_board 1029914678_5ca1e823_C5EBC0CFC7CFB8F0B4CF+C0A5+C6F7BDBAC5CD.jpg
2015.07.28 16:48 B d:\www\data\file\free_board\1030504995_2cbc6cee_C5E4B7D0C8B8+C6F7BDBAC5CD.JPG --> ymschool.org /www/data/file/free_board 1030504995_2cbc6cee_C5E4B7D0C8B8+C6F7BDBAC5CD.JPG
2015.07.28 16:48 B d:\www\data\file\free_board\1181692647_5a9c76bc_C0CEB9AEBBE7C8B8B0FAC7D0B9E8BFF2C5CD...jpg --> ymschool.org /www/data/file/free_board 1181692647_5a9c76bc_C0CEB9AEBBE7C8B8B0FAC7D0B9E8BFF2C5CD...jpg
2015.07.28 16:48 B d:\www\data\file\free_board\1218107700_Cnv1hOPE_ECA1B8EC9785EC8B9D.jpg --> ymschool.org /www/data/file/free_board 1218107700_Cnv1hOPE_ECA1B8EC9785EC8B9D.jpg
2015.07.28 16:48 B d:\www\data\file\free_board\1226719100_3HL5OBqK_EABF88EB8BA4EB9DBDECA084EB8BA8.hwp --> ymschool.org /www/data/file/free_board 1226719100_3HL5OBqK_EABF88EB8BA4EB9DBDECA084EB8BA8.hwp
2015.07.28 16:48 B d:\www\data\file\free_board\1226719100_syl64po9_EABF88EB8BA4EB9DBDEC8898EC9785EC9588EB82B4ECA780.hwp --> ymschool.org /www/data/file/free_board 1226719100_syl64po9_EABF88EB8BA4EB9DBDEC8898EC9785EC9588EB82B4ECA780.hwp
2015.07.28 16:48 B d:\www\data\file\free_board\1351001080_1yHdcqAG_1428975245350.jpg --> ymschool.org /www/data/file/free_board 1351001080_1yHdcqAG_1428975245350.jpg
2015.07.28 16:48 B d:\www\data\file\free_board\1794406899_U8uGhnxD_EC9588EB82B4ECA780.jpg --> ymschool.org /www/data/file/free_board 1794406899_U8uGhnxD_EC9588EB82B4ECA780.jpg
2015.07.28 16:48 B d:\www\data\file\free_board\1794515123_Z7zaqmoD_EBAAA8EB9190EB8BA4EC94A8EC9597_ED81ACEAB8B0ECA1B0ECA088-246x300.png --> ymschool.org /www/data/file/free_board 1794515123_Z7zaqmoD_EBAAA8EB9190EB8BA4EC94A8EC9597_ED81ACEAB8B0ECA1B0ECA088-246x300.png
2015.07.28 16:48 B d:\www\data\file\free_board\1794515124_3cuOJPfw_01_ED99A9EB8C80EAB68C_EC839DEBAA85EC9DBCEAB8B0.jpg --> ymschool.org /www/data/file/free_board 1794515124_3cuOJPfw_01_ED99A9EB8C80EAB68C_EC839DEBAA85EC9DBCEAB8B0.jpg
2015.07.28 16:48 B d:\www\data\file\free_board\1794651763_cnvItFJ2_2.EC97ACEC9E90ECB2ADEC868CEB8584_EC84B1EAB590EC9CA1_ECBAA0ED9484_EC9588EB82B4ECA780.jpg --> ymschool.org /www/data/file/free_board 1794651763_cnvItFJ2_2.EC97ACEC9E90ECB2ADEC868CEB8584_EC84B1EAB590EC9CA1_ECBAA0ED9484_EC9588EB82B4ECA780.jpg
2015.07.28 16:48 B d:\www\data\file\free_board\1794651763_IECDAhY3_1.EB82A8EC9E90ECB2ADEC868CEB8584_EC84B1EAB590EC9CA1_ECBAA0ED9484_EC9588EB82B4ECA780.jpg --> ymschool.org /www/data/file/free_board 1794651763_IECDAhY3_1.EB82A8EC9E90ECB2ADEC868CEB8584_EC84B1EAB590EC9CA1_ECBAA0ED9484_EC9588EB82B4ECA780.jpg
2015.07.28 16:48 B d:\www\data\file\free_board\1846279025_2acbabd8_BDC5C0D4BBFD+C3DFB0A1B8F0C1FD.jpg --> ymschool.org /www/data/file/free_board 1846279025_2acbabd8_BDC5C0D4BBFD+C3DFB0A1B8F0C1FD.jpg
2015.07.28 16:48 B d:\www\data\file\free_board\1846304608_JOyz8DB5_3rd_KYPI_.jpg --> ymschool.org /www/data/file/free_board 1846304608_JOyz8DB5_3rd_KYPI_.jpg
2015.07.28 16:48 B d:\www\data\file\free_board\1889195953_DwNES0dy_EC97ACED9689ED9599EAB590_EC9E85ED9599ECA780EC9B90EC849C.hwp --> ymschool.org /www/data/file/free_board 1889195953_DwNES0dy_EC97ACED9689ED9599EAB590_EC9E85ED9599ECA780EC9B90EC849C.hwp
2015.07.28 16:48 B d:\www\data\file\free_board\1889195953_g7dxLH62_19EAB8B0_EC9BB9EC9E90EBB3B4.jpg --> ymschool.org /www/data/file/free_board 1889195953_g7dxLH62_19EAB8B0_EC9BB9EC9E90EBB3B4.jpg
2015.07.28 16:48 B d:\www\data\file\free_board\1889418845_943ce152_anando-p2-1.jpg --> ymschool.org /www/data/file/free_board 1889418845_943ce152_anando-p2-1.jpg
2015.07.28 16:48 B d:\www\data\file\free_board\1889509171_b33aec0d_B6DFB6F4BFACB1D8B3EEC0CCB1B3BDC7_BFA9B8A7C6AFB0AD.hwp --> ymschool.org /www/data/file/free_board 1889509171_b33aec0d_B6DFB6F4BFACB1D8B3EEC0CCB1B3BDC7_BFA9B8A7C6AFB0AD.hwp
2015.07.28 16:48 B d:\www\data\file\free_board\1890259514_tryLGbOY_web.jpg --> ymschool.org /www/data/file/free_board 1890259514_tryLGbOY_web.jpg
2015.07.28 16:48 B d:\www\data\file\free_board\1891140817_73001f9d_B0EDC1A4C8F1+C3BBBCD2B3E2+B9AEC7D0BBF3.JPG --> ymschool.org /www/data/file/free_board 1891140817_73001f9d_B0EDC1A4C8F1+C3BBBCD2B3E2+B9AEC7D0BBF3.JPG
2015.07.28 16:48 B d:\www\data\file\free_board\1893204490_253a142a_2012+C3E0C1A6+BFC2B6F3C0CEC3CAB4EBC0E5.jpg --> ymschool.org /www/data/file/free_board 1893204490_253a142a_2012+C3E0C1A6+BFC2B6F3C0CEC3CAB4EBC0E5.jpg
2015.07.28 16:48 B d:\www\data\file\free_board\1893204490_Ij1LR6Kr_2013_EC96B8ECA0A0EAB080ED9599EAB590EC9E85EBACB85EAB8B0_ECA780EC9B90EC849C.hwp --> ymschool.org /www/data/file/free_board 1893204490_Ij1LR6Kr_2013_EC96B8ECA0A0EAB080ED9599EAB590EC9E85EBACB85EAB8B0_ECA780EC9B90EC849C.hwp
2015.07.28 16:48 B d:\www\data\file\free_board\1893204490_XaluwBUK_2013_EAB3B5EAB590EC9CA1ECA781EBACB4EC97B0EC8898_EC8BA0ECB2ADEC849C28EC9691EC8B9D29.hwp --> ymschool.org /www/data/file/free_board 1893204490_XaluwBUK_2013_EAB3B5EAB590EC9CA1ECA781EBACB4EC97B0EC8898_EC8BA0ECB2ADEC849C28EC9691EC8B9D29.hwp
2015.07.28 16:48 B d:\www\data\file\free_board\1893476490_0xJ4KshO_EC9DB8EB8F84.jpg --> ymschool.org /www/data/file/free_board 1893476490_0xJ4KshO_EC9DB8EB8F84.jpg
