2015.07.28 16:03 B D:\www\img\1php.jpg <--  /home/ym/public_html/img 1php.jpg
2015.07.28 16:03 B D:\www\img\bd_je.jpg <--  /home/ym/public_html/img bd_je.jpg
2015.07.28 16:03 B D:\www\img\l_btn.png <--  /home/ym/public_html/img l_btn.png
2015.07.28 16:03 B D:\www\img\main_img02.jpg <--  /home/ym/public_html/img main_img02.jpg
2015.07.28 16:03 B D:\www\img\map_je.jpg <--  /home/ym/public_html/img map_je.jpg
2015.07.28 16:03 B D:\www\img\mega_title.png <--  /home/ym/public_html/img mega_title.png
2015.07.28 16:03 B D:\www\img\r_btn.png <--  /home/ym/public_html/img r_btn.png
2015.07.28 16:03 B D:\www\img\song_je.jpg <--  /home/ym/public_html/img song_je.jpg
2015.07.28 16:03 B D:\www\img\sub01.jpg <--  /home/ym/public_html/img sub01.jpg
2015.07.28 16:03 B D:\www\img\sub02.jpg <--  /home/ym/public_html/img sub02.jpg
2015.07.28 16:03 B D:\www\img\sub03.jpg <--  /home/ym/public_html/img sub03.jpg
2015.07.28 16:03 B D:\www\img\sub04.jpg <--  /home/ym/public_html/img sub04.jpg
2015.07.28 16:03 B D:\www\img\sub05.jpg <--  /home/ym/public_html/img sub05.jpg
2015.07.28 16:03 B D:\www\img\sub_je01.jpg <--  /home/ym/public_html/img sub_je01.jpg
2015.07.28 16:03 B D:\www\img\sub_je02.jpg <--  /home/ym/public_html/img sub_je02.jpg
2015.07.28 16:03 B D:\www\img\sub_je02_1.jpg <--  /home/ym/public_html/img sub_je02_1.jpg
2015.07.28 16:03 B D:\www\img\sub_je02_2.jpg <--  /home/ym/public_html/img sub_je02_2.jpg
2015.07.28 16:03 B D:\www\img\sub_new1.jpg <--  /home/ym/public_html/img sub_new1.jpg
2015.07.28 16:03 B D:\www\img\sub_new2.jpg <--  /home/ym/public_html/img sub_new2.jpg
2015.07.28 16:03 B D:\www\img\unite01.jpg <--  /home/ym/public_html/img unite01.jpg
2015.07.28 16:03 B D:\www\img\unite02.jpg <--  /home/ym/public_html/img unite02.jpg
2015.07.28 16:03 B D:\www\img\vimeo_close.png <--  /home/ym/public_html/img vimeo_close.png
2015.07.28 16:03 B D:\www\img\welfare_img.jpg <--  /home/ym/public_html/img welfare_img.jpg
2015.07.28 16:48 B d:\www\img\1php.jpg --> ymschool.org /www/img 1php.jpg
2015.07.28 16:48 B d:\www\img\bd_je.jpg --> ymschool.org /www/img bd_je.jpg
2015.07.28 16:48 B d:\www\img\l_btn.png --> ymschool.org /www/img l_btn.png
2015.07.28 16:48 B d:\www\img\main_img02.jpg --> ymschool.org /www/img main_img02.jpg
2015.07.28 16:48 B d:\www\img\map_je.jpg --> ymschool.org /www/img map_je.jpg
2015.07.28 16:48 B d:\www\img\mega_title.png --> ymschool.org /www/img mega_title.png
2015.07.28 16:48 B d:\www\img\r_btn.png --> ymschool.org /www/img r_btn.png
2015.07.28 16:48 B d:\www\img\song_je.jpg --> ymschool.org /www/img song_je.jpg
2015.07.28 16:48 B d:\www\img\sub01.jpg --> ymschool.org /www/img sub01.jpg
2015.07.28 16:48 B d:\www\img\sub02.jpg --> ymschool.org /www/img sub02.jpg
2015.07.28 16:48 B d:\www\img\sub03.jpg --> ymschool.org /www/img sub03.jpg
2015.07.28 16:48 B d:\www\img\sub04.jpg --> ymschool.org /www/img sub04.jpg
2015.07.28 16:48 B d:\www\img\sub05.jpg --> ymschool.org /www/img sub05.jpg
2015.07.28 16:48 B d:\www\img\sub_je01.jpg --> ymschool.org /www/img sub_je01.jpg
2015.07.28 16:48 B d:\www\img\sub_je02.jpg --> ymschool.org /www/img sub_je02.jpg
2015.07.28 16:48 B d:\www\img\sub_je02_1.jpg --> ymschool.org /www/img sub_je02_1.jpg
2015.07.28 16:48 B d:\www\img\sub_je02_2.jpg --> ymschool.org /www/img sub_je02_2.jpg
2015.07.28 16:48 B d:\www\img\sub_new1.jpg --> ymschool.org /www/img sub_new1.jpg
2015.07.28 16:48 B d:\www\img\sub_new2.jpg --> ymschool.org /www/img sub_new2.jpg
2015.07.28 16:48 B d:\www\img\unite01.jpg --> ymschool.org /www/img unite01.jpg
2015.07.28 16:48 B d:\www\img\unite02.jpg --> ymschool.org /www/img unite02.jpg
2015.07.28 16:48 B d:\www\img\vimeo_close.png --> ymschool.org /www/img vimeo_close.png
2015.07.28 16:48 B d:\www\img\welfare_img.jpg --> ymschool.org /www/img welfare_img.jpg
